{"name": "test_token", "status": "failed", "statusDetails": {"message": "AssertionError: Status code/200", "trace": "self = <testcases.Integration_TC.test_full_CRUD.Testall object at 0x0000019455773F90>\n\n    @pytest.mark.positive\n    def test_token(self):\n        response = post_request(\n            url=auth_url(),\n            headers=common_headers(),\n            auth=None,\n            payload=payload_auth(), in_json=False\n        )\n        print(response.json)\n>       verify_status(response, 200)\n\ntestcases\\Integration_TC\\test_full_CRUD.py:27: \n_ _ _ _ _ _ _ _ _ _ _ _ _ _ _ _ _ _ _ _ _ _ _ _ _ _ _ _ _ _ _ _ _ _ _ _ _ _ _ _ _ _ _ _ _ _ _ _ _ _ _ _ _ _ _ _ _ _ _ _ _ _ _ _ _ _ _ _ _ _ _ _ _ _ _ _ _ _ _ _ _ _ _ _ _ _ _ _ _ _ _ _ _ _ _ _ _ _ _ _ _ _ _ _ _ _ _ _ _ _ _ _ _ _ _ \n\nresponse_data = <Response [400]>, expected_data = 200\n\n    def verify_status(response_data, expected_data):\n>       assert response_data.status_code == expected_data, \"Status code\" + \"/\" + str(expected_data)\nE       AssertionError: Status code/200\n\nsrc\\helpers\\common_verficiations.py:5: AssertionError"}, "start": 1703958917352, "stop": 1703958918196, "uuid": "5115df2f-c662-4f09-89ba-b01a4b983de9", "historyId": "76b9e955cfaab2f8705691292f0767a1", "testCaseId": "76b9e955cfaab2f8705691292f0767a1", "fullName": "testcases.Integration_TC.test_full_CRUD.Testall#test_token", "labels": [{"name": "tag", "value": "positive"}, {"name": "parentSuite", "value": "testcases.Integration_TC"}, {"name": "suite", "value": "test_full_CRUD"}, {"name": "subSuite", "value": "Testall"}, {"name": "host", "value": "DESKTOP-AV1ITA6"}, {"name": "thread", "value": "5716-MainThread"}, {"name": "framework", "value": "pytest"}, {"name": "language", "value": "cpython3"}, {"name": "package", "value": "testcases.Integration_TC.test_full_CRUD"}]}